#
# A fatal error has been detected by the Java Runtime Environment:
#
#  EXCEPTION_ACCESS_VIOLATION (0xc0000005) at pc=0x00007ffc54e726c4, pid=10500, tid=1716
#
# JRE version: Java(TM) SE Runtime Environment (24.0+36) (build 24+36-3646)
# Java VM: Java HotSpot(TM) 64-Bit Server VM (24+36-3646, mixed mode, emulated-client, sharing, tiered, compressed oops, compressed class ptrs, g1 gc, windows-amd64)
# Problematic frame:
# C  [libasyncProfiler.dll+0x926c4]
#
# No core dump will be written. Minidumps are not enabled by default on client versions of Windows
#
# JFR recording file will be written. Location: C:\Users\PARVIZ\Desktop\demo\hs_err_pid10500.jfr
#
# If you would like to submit a bug report, please visit:
#   https://bugreport.java.com/bugreport/crash.jsp
# The crash happened outside the Java Virtual Machine in native code.
# See problematic frame for where to report the bug.
#

---------------  S U M M A R Y ------------

Command Line: -XX:TieredStopAtLevel=1 -Dspring.output.ansi.enabled=always -Dcom.sun.management.jmxremote -Dspring.jmx.enabled=true -Dspring.liveBeansView.mbeanDomain -Dspring.application.admin.enabled=true -Dmanagement.endpoints.jmx.exposure.include=* -javaagent:C:\Program Files\JetBrains\IntelliJ IDEA 2025.1.1\lib\idea_rt.jar=63690 -Dfile.encoding=UTF-8 -Dsun.stdout.encoding=UTF-8 -Dsun.stderr.encoding=UTF-8 com.example.demo.DemoApplication

Host: 11th Gen Intel(R) Core(TM) i3-1115G4 @ 3.00GHz, 4 cores, 7G,  Windows 10 , 64 bit Build 19041 (10.0.19041.5678)
Time: Wed May 14 06:11:33 2025 RTZ 2 (s 10 , 64 bit Build 19041 (10.0.19041.5678) elapsed time: 269.270406 seconds (0d 0h 4m 29s)

---------------  T H R E A D  ---------------

Current thread (0x0000024a2be4edc0):  JavaThread "Attach Listener" daemon [_thread_in_native, id=1716, stack(0x000000d0f6b00000,0x000000d0f6c00000) (1024K)]

Stack: [0x000000d0f6b00000,0x000000d0f6c00000],  sp=0x000000d0f6bff340,  free space=1020k
Native frames: (J=compiled Java code, j=interpreted, Vv=VM code, C=native code)
C  [libasyncProfiler.dll+0x926c4]  (no source info available)
C  [libasyncProfiler.dll+0x92b9b]  (no source info available)
C  [libasyncProfiler.dll+0x917f4]  (no source info available)
C  [libasyncProfiler.dll+0x9206a]  (no source info available)
C  [libasyncProfiler.dll+0x8cc21]  (no source info available)
C  [libasyncProfiler.dll+0x7e5e1]  (no source info available)
C  [libasyncProfiler.dll+0x7d2f8]  (no source info available)
C  [libasyncProfiler.dll+0x7d1e0]  (no source info available)
C  [libasyncProfiler.dll+0x841b9]  (no source info available)
V  [jvm.dll+0x57f1b7]  (no source info available)
V  [jvm.dll+0x57ff2c]  (no source info available)
V  [jvm.dll+0x14c9b7]  (no source info available)
V  [jvm.dll+0x14df81]  (no source info available)
V  [jvm.dll+0x42f566]  (no source info available)
V  [jvm.dll+0x87d8fb]  (no source info available)
V  [jvm.dll+0x72efe5]  (no source info available)
C  [ucrtbase.dll+0x21bb2]  (no source info available)
C  [KERNEL32.DLL+0x17374]  (no source info available)
C  [ntdll.dll+0x4cc91]  (no source info available)


siginfo: EXCEPTION_ACCESS_VIOLATION (0xc0000005), reading address 0xffffffffffffffff


Registers:
RAX=0x0000000000000010, RBX=0x0000000000000000, RCX=0xffffffffffffffff, RDX=0x007ffc4d472ff010
RSP=0x000000d0f6bff340, RBP=0x0000024a7163c958, RSI=0x000000d0f6bff4b0, RDI=0x0000024a7163c958
R8 =0x0000000000000042, R9 =0x0000000084e15540, R10=0x00007ffc4d6e9fc0, R11=0x000000000000002c
R12=0x000000d0f6bff4b0, R13=0x0000024a73578b40, R14=0x0000024a2be4f188, R15=0x0000024a2be4f188
RIP=0x00007ffc54e726c4, EFLAGS=0x0000000000010202

XMM[0]=0x0000000000000000 0x0000000000000000
XMM[1]=0x0000000000000000 0x0000000000000000
XMM[2]=0x0000000000000000 0x0000000000000000
XMM[3]=0x0000000000000000 0x0000000000000000
XMM[4]=0x0000000000000000 0x0000000000000000
XMM[5]=0x0000000000000000 0x0000000000000000
XMM[6]=0x0000000000000000 0x0000000000000000
XMM[7]=0x0000000000000000 0x0000000000000000
XMM[8]=0x0000000000000000 0x0000000000000000
XMM[9]=0x0000000000000000 0x0000000000000000
XMM[10]=0x0000000000000000 0x0000000000000000
XMM[11]=0x0000000000000000 0x0000000000000000
XMM[12]=0x0000000000000000 0x0000000000000000
XMM[13]=0x0000000000000000 0x0000000000000000
XMM[14]=0x0000000000000000 0x0000000000000000
XMM[15]=0x0000000000000000 0x0000000000000000
  MXCSR=0x00001fa0


Register to memory mapping:

RAX=0x0000000000000010 is an unknown value
RBX=0x0 is null
RCX=0xffffffffffffffff is an unknown value
RDX=0x007ffc4d472ff010 is an unknown value
RSP=0x000000d0f6bff340 is pointing into the stack for thread: 0x0000024a2be4edc0
RBP=0x0000024a7163c958 points into unknown readable memory: 0x0000000084e15540 | 40 55 e1 84 00 00 00 00
RSI=0x000000d0f6bff4b0 is pointing into the stack for thread: 0x0000024a2be4edc0
RDI=0x0000024a7163c958 points into unknown readable memory: 0x0000000084e15540 | 40 55 e1 84 00 00 00 00
R8 =0x0000000000000042 is an unknown value
R9 =0x0000000084e15540 is an oop: java.lang.ref.Reference$ReferenceHandler 
{0x0000000084e15540} - klass: 'java/lang/ref/Reference$ReferenceHandler' - flags: 

 - ---- fields (total size 14 words):
 - 'threadLocalRandomProbe' 'I' @12  0 (0x00000000)
 - private volatile 'eetop' 'J' @16  2517587240592 (0x0000024a2be4a690)
 - private final 'tid' 'J' @24  13 (0x000000000000000d)
 - 'threadLocalRandomSeed' 'J' @32  0 (0x0000000000000000)
 - injected 'jvmti_thread_state' 'J' @40  2518748988960 (0x0000024a71238620)
 - 'threadLocalRandomSecondarySeed' 'I' @48  0 (0x00000000)
 - injected 'jvmti_VTMS_transition_disable_count' 'I' @52  0 (0x00000000)
 - injected 'jfr_epoch' 'S' @56  0 (0x0000)
 - volatile 'interrupted' 'Z' @58  false (0x00)
 - injected 'jvmti_is_in_VTMS_transition' 'Z' @59  false (0x00)
 - private volatile 'name' 'Ljava/lang/String;' @60  "Reference Handler"{0x00000000ffe0a590} (0xffe0a590)
 - private volatile 'contextClassLoader' 'Ljava/lang/ClassLoader;' @64  null (0x00000000)
 - private final 'holder' 'Ljava/lang/Thread$FieldHolder;' @68  a 'java/lang/Thread$FieldHolder'{0x0000000084da6ed0} (0x84da6ed0)
 - 'threadLocals' 'Ljava/lang/ThreadLocal$ThreadLocalMap;' @72  null (0x00000000)
 - 'inheritableThreadLocals' 'Ljava/lang/ThreadLocal$ThreadLocalMap;' @76  null (0x00000000)
 - private 'scopedValueBindings' 'Ljava/lang/Object;' @80  a 'java/lang/Class'{0x00000000ffe7c880} = 'java/lang/Thread' (0xffe7c880)
 - final 'interruptLock' 'Ljava/lang/Object;' @84  a 'java/lang/Object'{0x0000000084da6ef8} (0x84da6ef8)
 - private volatile 'parkBlocker' 'Ljava/lang/Object;' @88  null (0x00000000)
 - private 'nioBlocker' 'Lsun/nio/ch/Interruptible;' @92  null (0x00000000)
 - private 'cont' 'Ljdk/internal/vm/Continuation;' @96  null (0x00000000)
 - private volatile 'uncaughtExceptionHandler' 'Ljava/lang/Thread$UncaughtExceptionHandler;' @100  null (0x00000000)
 - private 'container' 'Ljdk/internal/vm/ThreadContainer;' @104  null (0x00000000)
 - private volatile 'headStackableScopes' 'Ljdk/internal/vm/StackableScope;' @108  null (0x00000000)
R10=0x00007ffc4d6e9fc0 jvm.dll
R11=0x000000000000002c is an unknown value
R12=0x000000d0f6bff4b0 is pointing into the stack for thread: 0x0000024a2be4edc0
R13=0x0000024a73578b40 points into unknown readable memory: 0x00007ffc4d65a510 | 10 a5 65 4d fc 7f 00 00
R14=0x0000024a2be4f188 points into unknown readable memory: 0x00007ffc4d6517b0 | b0 17 65 4d fc 7f 00 00
R15=0x0000024a2be4f188 points into unknown readable memory: 0x00007ffc4d6517b0 | b0 17 65 4d fc 7f 00 00

Top of Stack: (sp=0x000000d0f6bff340)
0x000000d0f6bff340:   000000d0f6bff4b0 0000024a7163c958   ........X.cqJ...
0x000000d0f6bff350:   0000000000000000 0000024a2be4f510   ...........+J...
0x000000d0f6bff360:   0000000000000031 00007ffc54e72b9b   1........+.T....
0x000000d0f6bff370:   0000000000000000 0000024a2be4f188   ...........+J...
0x000000d0f6bff380:   000000d0f6bff401 0000000000000000   ................
0x000000d0f6bff390:   0000024a738dba20 00007ffc54e717f4    ..sJ......T....
0x000000d0f6bff3a0:   0000000000000000 0000000000000031   ........1.......
0x000000d0f6bff3b0:   0000000000000000 0000000000000031   ........1.......
0x000000d0f6bff3c0:   0000002100000000 0000024a738dac50   ....!...P..sJ...
0x000000d0f6bff3d0:   0000024a738dba20 0000024a738dbae4    ..sJ......sJ...
0x000000d0f6bff3e0:   0000024a738dbb1c 000000000000228c   ...sJ...."......
0x000000d0f6bff3f0:   0000000000000000 0000000000000000   ................
0x000000d0f6bff400:   0000000000000000 00007ffc4ceb58e4   .........X.L....
0x000000d0f6bff410:   00007ffc54fb4ca0 0000000000002904   .L.T.....)......
0x000000d0f6bff420:   00007ffc54fb4ca0 00000000ffffffff   .L.T............
0x000000d0f6bff430:   0000000000000000 00007ffc54e7206a   ........j .T....
0x000000d0f6bff440:   0000024a2be4f188 0000000000000000   ...+J...........
0x000000d0f6bff450:   000000d0f6bff4b9 0000024a73578b40   ........@.WsJ...
0x000000d0f6bff460:   0000000000000003 0000000000000048   ........H.......
0x000000d0f6bff470:   0000000800800310 0000000000000020   ........ .......
0x000000d0f6bff480:   0000024a2be4f188 00007ffc54fb4ca0   ...+J....L.T....
0x000000d0f6bff490:   0000024a2be2fce0 0000024a71238620   ...+J... .#qJ...
0x000000d0f6bff4a0:   0000000800800390 0000024a2be4f188   ...........+J...
0x000000d0f6bff4b0:   0000024a71596660 0000024a71596c80   `fYqJ....lYqJ...
0x000000d0f6bff4c0:   0000024a71596c80 00007ffc54fb4ca0   .lYqJ....L.T....
0x000000d0f6bff4d0:   000000d0f6bff648 0000024a197c0000   H.........|.J...
0x000000d0f6bff4e0:   000000d0f6bff780 0000000000008840   ........@.......
0x000000d0f6bff4f0:   000000d0f6bff960 00007ffc54fb4cf0   `........L.T....
0x000000d0f6bff500:   0000000000989680 0000000000989680   ................
0x000000d0f6bff510:   000000d0f6bff620 00007ffc54e6cc21    .......!..T....
0x000000d0f6bff520:   00007ffc54fb4ca0 00007ffc54fb4cf8   .L.T.....L.T....
0x000000d0f6bff530:   00007ffc00000000 00007ffc00000001   ................

Instructions: (pc=0x00007ffc54e726c4)
  0x00007ffc54e725c4:   cc cc cc cc cc cc cc cc cc cc cc cc cc cc cc cc
  0x00007ffc54e725d4:   cc cc cc cc cc cc cc cc cc cc cc cc cc cc cc cc
  0x00007ffc54e725e4:   cc cc cc cc cc cc cc cc cc cc cc cc cc cc cc cc
  0x00007ffc54e725f4:   cc cc cc cc cc cc cc cc cc cc cc cc cc cc cc cc
  0x00007ffc54e72604:   cc cc cc cc cc cc cc cc cc cc cc cc cc cc cc cc
  0x00007ffc54e72614:   cc cc cc cc cc cc cc cc cc cc cc cc cc cc cc cc
  0x00007ffc54e72624:   cc cc cc cc cc cc cc cc cc cc cc cc cc cc cc cc
  0x00007ffc54e72634:   cc cc cc cc cc cc cc cc cc cc cc cc cc cc cc cc
  0x00007ffc54e72644:   cc cc cc cc cc cc cc cc cc cc cc cc 40 57 48 83
  0x00007ffc54e72654:   ec 20 48 8b f9 48 8b 0d 10 28 14 00 48 85 c9 74
  0x00007ffc54e72664:   20 48 8b 01 48 8d 54 24 38 41 b8 06 00 01 00 4c
  0x00007ffc54e72674:   8b 48 30 41 ff d1 85 c0 75 07 48 8b 4c 24 38 eb
  0x00007ffc54e72684:   02 33 c9 4c 8b 05 ea 28 14 00 48 89 5c 24 30 4d
  0x00007ffc54e72694:   85 c0 74 4a 48 8b 01 48 8b d7 4c 8b 88 28 03 00
  0x00007ffc54e726a4:   00 41 ff d1 48 85 c0 74 35 48 63 0d f8 e6 13 00
  0x00007ffc54e726b4:   48 8b 14 01 48 85 d2 74 15 48 63 05 fc e6 13 00
=>0x00007ffc54e726c4:   8b 04 10 48 8b 5c 24 30 48 83 c4 20 5f c3 b8 ff
  0x00007ffc54e726d4:   ff ff ff 48 8b 5c 24 30 48 83 c4 20 5f c3 80 3d
  0x00007ffc54e726e4:   9b 27 14 00 00 bb ff ff ff ff 74 20 4c 8b 0d 31
  0x00007ffc54e726f4:   24 14 00 4c 8d 44 24 38 48 8b 0d 15 24 14 00 48
  0x00007ffc54e72704:   8b d7 41 ff d1 85 c0 0f 44 5c 24 38 8b c3 48 8b
  0x00007ffc54e72714:   5c 24 30 48 83 c4 20 5f c3 cc cc cc cc cc cc cc
  0x00007ffc54e72724:   cc cc cc cc cc cc cc cc cc cc cc cc cc cc cc cc
  0x00007ffc54e72734:   cc cc cc cc cc cc cc cc cc cc cc cc cc cc cc cc
  0x00007ffc54e72744:   cc cc cc cc cc cc cc cc cc cc cc cc 48 89 54 24
  0x00007ffc54e72754:   10 53 55 56 57 41 56 41 57 48 83 ec 28 48 8b f2
  0x00007ffc54e72764:   4c 8b f1 48 89 4c 24 78 45 33 ff 44 89 7c 24 68
  0x00007ffc54e72774:   c7 44 24 60 01 00 00 00 48 8d 4c 24 68 e8 ed 42
  0x00007ffc54e72784:   f7 ff 8b d8 48 8d 4c 24 60 e8 e1 42 f7 ff 8b e8
  0x00007ffc54e72794:   49 8b ce e8 00 fc f6 ff 48 8b f8 90 8b c3 f0 0f
  0x00007ffc54e727a4:   b1 2f 74 04 f3 90 eb f4 4c 89 3e 4c 89 7e 08 4c
  0x00007ffc54e727b4:   89 7e 10 49 8b 6e 08 4d 8b 76 10 49 3b ee 0f 84


Stack slot to memory mapping:

stack at sp + 0 slots: 0x000000d0f6bff4b0 is pointing into the stack for thread: 0x0000024a2be4edc0
stack at sp + 1 slots: 0x0000024a7163c958 points into unknown readable memory: 0x0000000084e15540 | 40 55 e1 84 00 00 00 00
stack at sp + 2 slots: 0x0 is null
stack at sp + 3 slots: 0x0000024a2be4f510 points into unknown readable memory: 0x6e616c2e6176616a | 6a 61 76 61 2e 6c 61 6e
stack at sp + 4 slots: 0x0000000000000031 is an unknown value
stack at sp + 5 slots: 0x00007ffc54e72b9b libasyncProfiler.dll
stack at sp + 6 slots: 0x0 is null
stack at sp + 7 slots: 0x0000024a2be4f188 points into unknown readable memory: 0x00007ffc4d6517b0 | b0 17 65 4d fc 7f 00 00

Lock stack of current Java thread (top to bottom):


---------------  P R O C E S S  ---------------

Threads class SMR info:
_java_thread_list=0x0000024a73882380, length=37, elements={
0x0000024a2be4a690, 0x0000024a2be4b480, 0x0000024a2be4d280, 0x0000024a2be4edc0,
0x0000024a2be4f8f0, 0x0000024a2be50420, 0x0000024a2be50f50, 0x0000024a71038d30,
0x0000024a71434100, 0x0000024a71434840, 0x0000024a71a6b1a0, 0x0000024a71ab3390,
0x0000024a71ac0a10, 0x0000024a71ac59c0, 0x0000024a721d5c80, 0x0000024a721d63d0,
0x0000024a721d4de0, 0x0000024a72b54e10, 0x0000024a72b51ae0, 0x0000024a72b4fda0,
0x0000024a72b530d0, 0x0000024a72b504f0, 0x0000024a72b52230, 0x0000024a72b53820,
0x0000024a72b52980, 0x0000024a72b53f70, 0x0000024a72b4f650, 0x0000024a72b4e060,
0x0000024a72b50c40, 0x0000024a72b546c0, 0x0000024a72b55560, 0x0000024a72b51390,
0x0000024a73790f60, 0x0000024a73792550, 0x0000024a737933f0, 0x0000024a7381b180,
0x0000024a737900c0
}

Java Threads: ( => current thread )
  0x0000024a2be4a690 JavaThread "Reference Handler"          daemon [_thread_blocked, id=12044, stack(0x000000d0f6800000,0x000000d0f6900000) (1024K)]
  0x0000024a2be4b480 JavaThread "Finalizer"                  daemon [_thread_blocked, id=11716, stack(0x000000d0f6900000,0x000000d0f6a00000) (1024K)]
  0x0000024a2be4d280 JavaThread "Signal Dispatcher"          daemon [_thread_blocked, id=5716, stack(0x000000d0f6a00000,0x000000d0f6b00000) (1024K)]
=>0x0000024a2be4edc0 JavaThread "Attach Listener"            daemon [_thread_in_native, id=1716, stack(0x000000d0f6b00000,0x000000d0f6c00000) (1024K)]
  0x0000024a2be4f8f0 JavaThread "Service Thread"             daemon [_thread_blocked, id=6936, stack(0x000000d0f6c00000,0x000000d0f6d00000) (1024K)]
  0x0000024a2be50420 JavaThread "Monitor Deflation Thread"   daemon [_thread_blocked, id=4444, stack(0x000000d0f6d00000,0x000000d0f6e00000) (1024K)]
  0x0000024a2be50f50 JavaThread "C1 CompilerThread0"         daemon [_thread_blocked, id=11308, stack(0x000000d0f6e00000,0x000000d0f6f00000) (1024K)]
  0x0000024a71038d30 JavaThread "Common-Cleaner"             daemon [_thread_blocked, id=4932, stack(0x000000d0f6f00000,0x000000d0f7000000) (1024K)]
  0x0000024a71434100 JavaThread "Monitor Ctrl-Break"         daemon [_thread_in_native, id=5732, stack(0x000000d0f7200000,0x000000d0f7300000) (1024K)]
  0x0000024a71434840 JavaThread "Notification Thread"        daemon [_thread_blocked, id=11052, stack(0x000000d0f7300000,0x000000d0f7400000) (1024K)]
  0x0000024a71a6b1a0 JavaThread "RMI TCP Accept-0"           daemon [_thread_in_native, id=3820, stack(0x000000d0f7400000,0x000000d0f7500000) (1024K)]
  0x0000024a71ab3390 JavaThread "RMI TCP Connection(3)-192.168.115.1" daemon [_thread_in_native, id=4760, stack(0x000000d0f7500000,0x000000d0f7600000) (1024K)]
  0x0000024a71ac0a10 JavaThread "RMI Scheduler(0)"           daemon [_thread_blocked, id=2264, stack(0x000000d0f7600000,0x000000d0f7700000) (1024K)]
  0x0000024a71ac59c0 JavaThread "JMX server connection timeout 29" daemon [_thread_blocked, id=12196, stack(0x000000d0f7700000,0x000000d0f7800000) (1024K)]
  0x0000024a721d5c80 JavaThread "Catalina-utility-1"                [_thread_blocked, id=11436, stack(0x000000d0f7d00000,0x000000d0f7e00000) (1024K)]
  0x0000024a721d63d0 JavaThread "Catalina-utility-2"                [_thread_blocked, id=5612, stack(0x000000d0f7e00000,0x000000d0f7f00000) (1024K)]
  0x0000024a721d4de0 JavaThread "container-0"                       [_thread_blocked, id=2452, stack(0x000000d0f7f00000,0x000000d0f8000000) (1024K)]
  0x0000024a72b54e10 JavaThread "mysql-cj-abandoned-connection-cleanup" daemon [_thread_blocked, id=10456, stack(0x000000d0f8000000,0x000000d0f8100000) (1024K)]
  0x0000024a72b51ae0 JavaThread "HikariPool-1 housekeeper"   daemon [_thread_blocked, id=10880, stack(0x000000d0f8300000,0x000000d0f8400000) (1024K)]
  0x0000024a72b4fda0 JavaThread "File Watcher"               daemon [_thread_blocked, id=5568, stack(0x000000d0f8500000,0x000000d0f8600000) (1024K)]
  0x0000024a72b530d0 JavaThread "Live Reload Server"         daemon [_thread_in_native, id=8892, stack(0x000000d0f8700000,0x000000d0f8800000) (1024K)]
  0x0000024a72b504f0 JavaThread "http-nio-8080-exec-1"       daemon [_thread_blocked, id=1936, stack(0x000000d0f8600000,0x000000d0f8700000) (1024K)]
  0x0000024a72b52230 JavaThread "http-nio-8080-exec-2"       daemon [_thread_blocked, id=3656, stack(0x000000d0f8800000,0x000000d0f8900000) (1024K)]
  0x0000024a72b53820 JavaThread "http-nio-8080-exec-3"       daemon [_thread_blocked, id=9204, stack(0x000000d0f8900000,0x000000d0f8a00000) (1024K)]
  0x0000024a72b52980 JavaThread "http-nio-8080-exec-4"       daemon [_thread_blocked, id=6488, stack(0x000000d0f8a00000,0x000000d0f8b00000) (1024K)]
  0x0000024a72b53f70 JavaThread "http-nio-8080-exec-5"       daemon [_thread_blocked, id=4832, stack(0x000000d0f8b00000,0x000000d0f8c00000) (1024K)]
  0x0000024a72b4f650 JavaThread "http-nio-8080-exec-6"       daemon [_thread_blocked, id=8420, stack(0x000000d0f8c00000,0x000000d0f8d00000) (1024K)]
  0x0000024a72b4e060 JavaThread "http-nio-8080-exec-7"       daemon [_thread_blocked, id=7600, stack(0x000000d0f8d00000,0x000000d0f8e00000) (1024K)]
  0x0000024a72b50c40 JavaThread "http-nio-8080-exec-8"       daemon [_thread_blocked, id=3156, stack(0x000000d0f8e00000,0x000000d0f8f00000) (1024K)]
  0x0000024a72b546c0 JavaThread "http-nio-8080-exec-9"       daemon [_thread_blocked, id=8444, stack(0x000000d0f8f00000,0x000000d0f9000000) (1024K)]
  0x0000024a72b55560 JavaThread "http-nio-8080-exec-10"      daemon [_thread_blocked, id=9796, stack(0x000000d0f9000000,0x000000d0f9100000) (1024K)]
  0x0000024a72b51390 JavaThread "http-nio-8080-Poller"       daemon [_thread_in_native, id=8872, stack(0x000000d0f9100000,0x000000d0f9200000) (1024K)]
  0x0000024a73790f60 JavaThread "http-nio-8080-Acceptor"     daemon [_thread_in_native, id=8532, stack(0x000000d0f9200000,0x000000d0f9300000) (1024K)]
  0x0000024a73792550 JavaThread "DestroyJavaVM"                     [_thread_blocked, id=10100, stack(0x000000d0f6000000,0x000000d0f6100000) (1024K)]
  0x0000024a737933f0 JavaThread "JFR Recorder Thread"        daemon [_thread_in_native, id=10196, stack(0x000000d0f5d00000,0x000000d0f5e00000) (1024K)]
  0x0000024a7381b180 JavaThread "C1 CompilerThread1"         daemon [_thread_blocked, id=1032, stack(0x000000d0f5e00000,0x000000d0f5f00000) (1024K)]
  0x0000024a737900c0 JavaThread "JFR Periodic Tasks"         daemon [_thread_blocked, id=8844, stack(0x000000d0f5f00000,0x000000d0f6000000) (1024K)]
Total: 37

Other Threads:
  0x0000024a2be3b8e0 VMThread "VM Thread"                           [id=10884, stack(0x000000d0f6700000,0x000000d0f6800000) (1024K)]
  0x0000024a2be2e270 WatcherThread "VM Periodic Task Thread"        [id=5420, stack(0x000000d0f6600000,0x000000d0f6700000) (1024K)]
  0x0000024a1ba645d0 WorkerThread "GC Thread#0"                     [id=8256, stack(0x000000d0f6100000,0x000000d0f6200000) (1024K)]
  0x0000024a71f7e170 WorkerThread "GC Thread#1"                     [id=9536, stack(0x000000d0f7800000,0x000000d0f7900000) (1024K)]
  0x0000024a71f7e520 WorkerThread "GC Thread#2"                     [id=6676, stack(0x000000d0f7900000,0x000000d0f7a00000) (1024K)]
  0x0000024a72034060 WorkerThread "GC Thread#3"                     [id=3640, stack(0x000000d0f7a00000,0x000000d0f7b00000) (1024K)]
  0x0000024a1ba78b20 ConcurrentGCThread "G1 Main Marker"            [id=11768, stack(0x000000d0f6200000,0x000000d0f6300000) (1024K)]
  0x0000024a1ba79ce0 WorkerThread "G1 Conc#0"                       [id=4112, stack(0x000000d0f6300000,0x000000d0f6400000) (1024K)]
  0x0000024a2bcfb270 ConcurrentGCThread "G1 Refine#0"               [id=7660, stack(0x000000d0f6400000,0x000000d0f6500000) (1024K)]
  0x0000024a2bcfcd10 ConcurrentGCThread "G1 Service"                [id=2196, stack(0x000000d0f6500000,0x000000d0f6600000) (1024K)]
Total: 10

Threads with active compile tasks:
Total: 0

VM state: not at safepoint (normal execution)

VM Mutex/Monitor currently owned by a thread: None

Heap address: 0x0000000084a00000, size: 1974 MB, Compressed Oops mode: 32-bit

CDS archive(s) mapped at: [0x0000024a2c000000-0x0000024a2cd40000-0x0000024a2cd40000), size 13893632, SharedBaseAddress: 0x0000024a2c000000, ArchiveRelocationMode: 1.
Compressed class space mapped at: 0x0000024a2d000000-0x0000024a6d000000, reserved size: 1073741824
UseCompressedClassPointers 1, UseCompactObjectHeaders 0
Narrow klass pointer bits 32, Max shift 3
Narrow klass base: 0x0000024a2c000000, Narrow klass shift: 0
Encoding Range: [0x0000024a2c000000 - 0x0000024b2c000000), (4294967296 bytes)
Klass Range:    [0x0000024a2c000000 - 0x0000024a6d000000), (1090519040 bytes)
Klass ID Range:  [8 - 1090519033) (1090519025)

GC Precious Log:
 CardTable entry size: 512
 Card Set container configuration: InlinePtr #cards 5 size 8 Array Of Cards #cards 10 size 36 Howl #buckets 4 coarsen threshold 1843 Howl Bitmap #cards 512 size 80 coarsen threshold 460 Card regions per heap region 1 cards per card region 2048
 CPUs: 4 total, 4 available
 Memory: 7894M
 Large Page Support: Disabled
 NUMA Support: Disabled
 Compressed Oops: Enabled (32-bit)
 Heap Region Size: 1M
 Heap Min Capacity: 8M
 Heap Initial Capacity: 124M
 Heap Max Capacity: 1974M
 Pre-touch: Disabled
 Parallel Workers: 4
 Concurrent Workers: 1
 Concurrent Refinement Workers: 4
 Periodic GC: Disabled

Heap:
 garbage-first heap   total reserved 2021376K, committed 70656K, used 37040K [0x0000000084a00000, 0x0000000100000000)
  region size 1024K, 7 young (7168K), 2 survivors (2048K)
 Metaspace       used 65394K, committed 66048K, reserved 1114112K
  class space    used 7409K, committed 7680K, reserved 1048576K

Heap Regions: E=young(eden), S=young(survivor), O=old, HS=humongous(starts), HC=humongous(continues), CS=collection set, F=free, TAMS=top-at-mark-start, PB=parsable bottom
|   0|0x0000000084a00000, 0x0000000084b00000, 0x0000000084b00000|100%|HS|  |TAMS 0x0000000084a00000| PB 0x0000000084a00000| Complete |  0
|   1|0x0000000084b00000, 0x0000000084c00000, 0x0000000084c00000|100%|HS|  |TAMS 0x0000000084b00000| PB 0x0000000084b00000| Complete |  0
|   2|0x0000000084c00000, 0x0000000084d00000, 0x0000000084d00000|100%| O|  |TAMS 0x0000000084c00000| PB 0x0000000084c00000| Untracked |  0
|   3|0x0000000084d00000, 0x0000000084e00000, 0x0000000084e00000|100%| O|  |TAMS 0x0000000084d00000| PB 0x0000000084d00000| Untracked |  0
|   4|0x0000000084e00000, 0x0000000084f00000, 0x0000000084f00000|100%| O|  |TAMS 0x0000000084e00000| PB 0x0000000084e00000| Untracked |  0
|   5|0x0000000084f00000, 0x0000000085000000, 0x0000000085000000|100%| O|  |TAMS 0x0000000084f00000| PB 0x0000000084f00000| Untracked |  0
|   6|0x0000000085000000, 0x0000000085100000, 0x0000000085100000|100%| O|  |TAMS 0x0000000085000000| PB 0x0000000085000000| Untracked |  0
|   7|0x0000000085100000, 0x0000000085200000, 0x0000000085200000|100%| O|  |TAMS 0x0000000085100000| PB 0x0000000085100000| Untracked |  0
|   8|0x0000000085200000, 0x0000000085300000, 0x0000000085300000|100%| O|  |TAMS 0x0000000085200000| PB 0x0000000085200000| Untracked |  0
|   9|0x0000000085300000, 0x0000000085400000, 0x0000000085400000|100%| O|  |TAMS 0x0000000085300000| PB 0x0000000085300000| Untracked |  0
|  10|0x0000000085400000, 0x0000000085500000, 0x0000000085500000|100%| O|  |TAMS 0x0000000085400000| PB 0x0000000085400000| Untracked |  0
|  11|0x0000000085500000, 0x0000000085600000, 0x0000000085600000|100%| O|  |TAMS 0x0000000085500000| PB 0x0000000085500000| Untracked |  0
|  12|0x0000000085600000, 0x0000000085700000, 0x0000000085700000|100%| O|  |TAMS 0x0000000085600000| PB 0x0000000085600000| Untracked |  0
|  13|0x0000000085700000, 0x0000000085800000, 0x0000000085800000|100%| O|  |TAMS 0x0000000085700000| PB 0x0000000085700000| Untracked |  0
|  14|0x0000000085800000, 0x0000000085900000, 0x0000000085900000|100%| O|  |TAMS 0x0000000085800000| PB 0x0000000085800000| Untracked |  0
|  15|0x0000000085900000, 0x0000000085a00000, 0x0000000085a00000|100%| O|Cm|TAMS 0x0000000085900000| PB 0x0000000085900000| Complete |  0
|  16|0x0000000085a00000, 0x0000000085b00000, 0x0000000085b00000|100%| O|  |TAMS 0x0000000085a00000| PB 0x0000000085a00000| Untracked |  0
|  17|0x0000000085b00000, 0x0000000085c00000, 0x0000000085c00000|100%| O|  |TAMS 0x0000000085b00000| PB 0x0000000085b00000| Untracked |  0
|  18|0x0000000085c00000, 0x0000000085d00000, 0x0000000085d00000|100%| O|  |TAMS 0x0000000085c00000| PB 0x0000000085c00000| Untracked |  0
|  19|0x0000000085d00000, 0x0000000085e00000, 0x0000000085e00000|100%| O|  |TAMS 0x0000000085d00000| PB 0x0000000085d00000| Untracked |  0
|  20|0x0000000085e00000, 0x0000000085f00000, 0x0000000085f00000|100%| O|  |TAMS 0x0000000085e00000| PB 0x0000000085e00000| Untracked |  0
|  21|0x0000000085f00000, 0x0000000086000000, 0x0000000086000000|100%| O|  |TAMS 0x0000000085f00000| PB 0x0000000085f00000| Untracked |  0
|  22|0x0000000086000000, 0x0000000086100000, 0x0000000086100000|100%| O|  |TAMS 0x0000000086000000| PB 0x0000000086000000| Untracked |  0
|  23|0x0000000086100000, 0x0000000086200000, 0x0000000086200000|100%| O|  |TAMS 0x0000000086100000| PB 0x0000000086100000| Untracked |  0
|  24|0x0000000086200000, 0x0000000086300000, 0x0000000086300000|100%| O|  |TAMS 0x0000000086200000| PB 0x0000000086200000| Untracked |  0
|  25|0x0000000086300000, 0x0000000086400000, 0x0000000086400000|100%| O|  |TAMS 0x0000000086300000| PB 0x0000000086300000| Untracked |  0
|  26|0x0000000086400000, 0x0000000086500000, 0x0000000086500000|100%| O|  |TAMS 0x0000000086400000| PB 0x0000000086400000| Untracked |  0
|  27|0x0000000086500000, 0x0000000086500000, 0x0000000086600000|  0%| F|  |TAMS 0x0000000086500000| PB 0x0000000086500000| Untracked |  0
|  28|0x0000000086600000, 0x0000000086600000, 0x0000000086700000|  0%| F|  |TAMS 0x0000000086600000| PB 0x0000000086600000| Untracked |  0
|  29|0x0000000086700000, 0x0000000086800000, 0x0000000086800000|100%| O|  |TAMS 0x0000000086700000| PB 0x0000000086700000| Untracked |  0
|  30|0x0000000086800000, 0x0000000086900000, 0x0000000086900000|100%| O|  |TAMS 0x0000000086800000| PB 0x0000000086800000| Untracked |  0
|  31|0x0000000086900000, 0x0000000086900000, 0x0000000086a00000|  0%| F|  |TAMS 0x0000000086900000| PB 0x0000000086900000| Untracked |  0
|  32|0x0000000086a00000, 0x0000000086a00000, 0x0000000086b00000|  0%| F|  |TAMS 0x0000000086a00000| PB 0x0000000086a00000| Untracked |  0
|  33|0x0000000086b00000, 0x0000000086b4d430, 0x0000000086c00000| 30%| O|  |TAMS 0x0000000086b00000| PB 0x0000000086b00000| Untracked |  0
|  34|0x0000000086c00000, 0x0000000086c00000, 0x0000000086d00000|  0%| F|  |TAMS 0x0000000086c00000| PB 0x0000000086c00000| Untracked |  0
|  35|0x0000000086d00000, 0x0000000086ddef90, 0x0000000086e00000| 87%| S|CS|TAMS 0x0000000086d00000| PB 0x0000000086d00000| Complete |  0
|  36|0x0000000086e00000, 0x0000000086f00000, 0x0000000086f00000|100%| S|CS|TAMS 0x0000000086e00000| PB 0x0000000086e00000| Complete |  0
|  37|0x0000000086f00000, 0x0000000086f00000, 0x0000000087000000|  0%| F|  |TAMS 0x0000000086f00000| PB 0x0000000086f00000| Untracked |  0
|  38|0x0000000087000000, 0x0000000087000000, 0x0000000087100000|  0%| F|  |TAMS 0x0000000087000000| PB 0x0000000087000000| Untracked |  0
|  39|0x0000000087100000, 0x0000000087100000, 0x0000000087200000|  0%| F|  |TAMS 0x0000000087100000| PB 0x0000000087100000| Untracked |  0
|  40|0x0000000087200000, 0x0000000087200000, 0x0000000087300000|  0%| F|  |TAMS 0x0000000087200000| PB 0x0000000087200000| Untracked |  0
|  41|0x0000000087300000, 0x0000000087300000, 0x0000000087400000|  0%| F|  |TAMS 0x0000000087300000| PB 0x0000000087300000| Untracked |  0
|  42|0x0000000087400000, 0x0000000087400000, 0x0000000087500000|  0%| F|  |TAMS 0x0000000087400000| PB 0x0000000087400000| Untracked |  0
|  43|0x0000000087500000, 0x0000000087500000, 0x0000000087600000|  0%| F|  |TAMS 0x0000000087500000| PB 0x0000000087500000| Untracked |  0
|  44|0x0000000087600000, 0x0000000087600000, 0x0000000087700000|  0%| F|  |TAMS 0x0000000087600000| PB 0x0000000087600000| Untracked |  0
|  45|0x0000000087700000, 0x0000000087700000, 0x0000000087800000|  0%| F|  |TAMS 0x0000000087700000| PB 0x0000000087700000| Untracked |  0
|  46|0x0000000087800000, 0x0000000087800000, 0x0000000087900000|  0%| F|  |TAMS 0x0000000087800000| PB 0x0000000087800000| Untracked |  0
|  47|0x0000000087900000, 0x0000000087900000, 0x0000000087a00000|  0%| F|  |TAMS 0x0000000087900000| PB 0x0000000087900000| Untracked |  0
|  48|0x0000000087a00000, 0x0000000087a00000, 0x0000000087b00000|  0%| F|  |TAMS 0x0000000087a00000| PB 0x0000000087a00000| Untracked |  0
|  49|0x0000000087b00000, 0x0000000087b00000, 0x0000000087c00000|  0%| F|  |TAMS 0x0000000087b00000| PB 0x0000000087b00000| Untracked |  0
|  50|0x0000000087c00000, 0x0000000087c00000, 0x0000000087d00000|  0%| F|  |TAMS 0x0000000087c00000| PB 0x0000000087c00000| Untracked |  0
|  51|0x0000000087d00000, 0x0000000087d00000, 0x0000000087e00000|  0%| F|  |TAMS 0x0000000087d00000| PB 0x0000000087d00000| Untracked |  0
|  52|0x0000000087e00000, 0x0000000087e00000, 0x0000000087f00000|  0%| F|  |TAMS 0x0000000087e00000| PB 0x0000000087e00000| Untracked |  0
|  53|0x0000000087f00000, 0x0000000087f00000, 0x0000000088000000|  0%| F|  |TAMS 0x0000000087f00000| PB 0x0000000087f00000| Untracked |  0
|  54|0x0000000088000000, 0x0000000088000000, 0x0000000088100000|  0%| F|  |TAMS 0x0000000088000000| PB 0x0000000088000000| Untracked |  0
|  55|0x0000000088100000, 0x0000000088100000, 0x0000000088200000|  0%| F|  |TAMS 0x0000000088100000| PB 0x0000000088100000| Untracked |  0
|  56|0x0000000088200000, 0x0000000088200000, 0x0000000088300000|  0%| F|  |TAMS 0x0000000088200000| PB 0x0000000088200000| Untracked |  0
|  57|0x0000000088300000, 0x0000000088300000, 0x0000000088400000|  0%| F|  |TAMS 0x0000000088300000| PB 0x0000000088300000| Untracked |  0
|  58|0x0000000088400000, 0x0000000088400000, 0x0000000088500000|  0%| F|  |TAMS 0x0000000088400000| PB 0x0000000088400000| Untracked |  0
|  59|0x0000000088500000, 0x0000000088500000, 0x0000000088600000|  0%| F|  |TAMS 0x0000000088500000| PB 0x0000000088500000| Untracked |  0
| 103|0x000000008b100000, 0x000000008b100000, 0x000000008b200000|  0%| F|  |TAMS 0x000000008b100000| PB 0x000000008b100000| Untracked |  0
| 104|0x000000008b200000, 0x000000008b200000, 0x000000008b300000|  0%| F|  |TAMS 0x000000008b200000| PB 0x000000008b200000| Untracked |  0
| 105|0x000000008b300000, 0x000000008b300000, 0x000000008b400000|  0%| F|  |TAMS 0x000000008b300000| PB 0x000000008b300000| Untracked |  0
| 106|0x000000008b400000, 0x000000008b41a758, 0x000000008b500000| 10%| E|  |TAMS 0x000000008b400000| PB 0x000000008b400000| Complete |  0
| 107|0x000000008b500000, 0x000000008b600000, 0x000000008b600000|100%| E|CS|TAMS 0x000000008b500000| PB 0x000000008b500000| Complete |  0
| 108|0x000000008b600000, 0x000000008b700000, 0x000000008b700000|100%| E|CS|TAMS 0x000000008b600000| PB 0x000000008b600000| Complete |  0
| 123|0x000000008c500000, 0x000000008c600000, 0x000000008c600000|100%| E|CS|TAMS 0x000000008c500000| PB 0x000000008c500000| Complete |  0
|1972|0x00000000ffe00000, 0x00000000fff00000, 0x00000000fff00000|100%| O|  |TAMS 0x00000000ffe00000| PB 0x00000000ffe00000| Untracked |  0
|1973|0x00000000fff00000, 0x0000000100000000, 0x0000000100000000|100%| E|CS|TAMS 0x00000000fff00000| PB 0x00000000fff00000| Complete |  0

Card table byte_map: [0x0000024a27690000,0x0000024a27a70000] _byte_map_base: 0x0000024a2726b000

Marking Bits: (CMBitMap*) 0x0000024a1ba64bf0
 Bits: [0x0000024a27a70000, 0x0000024a29948000)

Polling page: 0x0000024a198d0000

Metaspace:

Usage:
  Non-class:     56.63 MB used.
      Class:      7.24 MB used.
       Both:     63.86 MB used.

Virtual space:
  Non-class space:       64.00 MB reserved,      57.00 MB ( 89%) committed,  1 nodes.
      Class space:        1.00 GB reserved,       7.50 MB ( <1%) committed,  1 nodes.
             Both:        1.06 GB reserved,      64.50 MB (  6%) committed. 

Chunk freelists:
   Non-Class:  7.01 MB
       Class:  8.55 MB
        Both:  15.56 MB

MaxMetaspaceSize: unlimited
CompressedClassSpaceSize: 1.00 GB
Initial GC threshold: 21.00 MB
Current GC threshold: 100.12 MB
CDS: on
 - commit_granule_bytes: 65536.
 - commit_granule_words: 8192.
 - virtual_space_node_default_size: 8388608.
 - enlarge_chunks_in_place: 1.
UseCompressedClassPointers 1, UseCompactObjectHeaders 0
Narrow klass pointer bits 32, Max shift 3
Narrow klass base: 0x0000024a2c000000, Narrow klass shift: 0
Encoding Range: [0x0000024a2c000000 - 0x0000024b2c000000), (4294967296 bytes)
Klass Range:    [0x0000024a2c000000 - 0x0000024a6d000000), (1090519040 bytes)
Klass ID Range:  [8 - 1090519033) (1090519025)


Internal statistics:

num_allocs_failed_limit: 15.
num_arena_births: 770.
num_arena_deaths: 0.
num_vsnodes_births: 2.
num_vsnodes_deaths: 0.
num_space_committed: 1032.
num_space_uncommitted: 0.
num_chunks_returned_to_freelist: 15.
num_chunks_taken_from_freelist: 2999.
num_chunk_merges: 15.
num_chunk_splits: 2248.
num_chunks_enlarged: 1844.
num_inconsistent_stats: 0.

CodeCache: size=49152Kb used=9602Kb max_used=9783Kb free=39549Kb
 bounds [0x0000024a242b0000, 0x0000024a24c60000, 0x0000024a272b0000]
 total_blobs=6928, nmethods=6218, adapters=635, full_count=0
Compilation: enabled, stopped_count=0, restarted_count=0

Compilation events (20 events):
Event: 269.249 Thread 0x0000024a2be50f50 6283       1       jdk.jfr.internal.EventControl::getEventType (5 bytes)
Event: 269.249 Thread 0x0000024a7381b180 6284       1       jdk.jfr.internal.EventControl::getSettingsId (5 bytes)
Event: 269.249 Thread 0x0000024a2be50f50 nmethod 6283 0x0000024a244ee788 code [0x0000024a244ee880, 0x0000024a244ee948]
Event: 269.249 Thread 0x0000024a2be50f50 6285       1       jdk.jfr.internal.EventControl::getNamedControls (5 bytes)
Event: 269.249 Thread 0x0000024a7381b180 nmethod 6284 0x0000024a244ee488 code [0x0000024a244ee580, 0x0000024a244ee648]
Event: 269.249 Thread 0x0000024a2be50f50 nmethod 6285 0x0000024a244ee188 code [0x0000024a244ee280, 0x0000024a244ee348]
Event: 269.249 Thread 0x0000024a7381b180 6287   !   1       jdk.jfr.internal.Control::setValue (102 bytes)
Event: 269.249 Thread 0x0000024a2be50f50 6288       1       jdk.jfr.internal.SettingsManager$InternalSetting::getValues (35 bytes)
Event: 269.249 Thread 0x0000024a2be50f50 nmethod 6288 0x0000024a244ede08 code [0x0000024a244edf40, 0x0000024a244ee138]
Event: 269.249 Thread 0x0000024a2be50f50 6289       1       jdk.jfr.internal.Control::apply (10 bytes)
Event: 269.250 Thread 0x0000024a2be50f50 nmethod 6289 0x0000024a244edb08 code [0x0000024a244edc20, 0x0000024a244edd30]
Event: 269.250 Thread 0x0000024a2be50f50 6290       1       jdk.jfr.internal.Control::findCombine (121 bytes)
Event: 269.250 Thread 0x0000024a2be50f50 nmethod 6290 0x0000024a244ed188 code [0x0000024a244ed340, 0x0000024a244edab0]
Event: 269.250 Thread 0x0000024a7381b180 nmethod 6287 0x0000024a244ec888 code [0x0000024a244eca80, 0x0000024a244ed0f0]
Event: 269.250 Thread 0x0000024a7381b180 6286       1       jdk.jfr.internal.PlatformEventType::isEnabled (5 bytes)
Event: 269.250 Thread 0x0000024a7381b180 nmethod 6286 0x0000024a244ec588 code [0x0000024a244ec680, 0x0000024a244ec748]
Event: 269.252 Thread 0x0000024a7381b180 6291       1       jdk.jfr.internal.periodic.EventTask::getEventType (5 bytes)
Event: 269.252 Thread 0x0000024a7381b180 nmethod 6291 0x0000024a244ec288 code [0x0000024a244ec380, 0x0000024a244ec448]
Event: 269.252 Thread 0x0000024a7381b180 6292       1       jdk.jfr.internal.periodic.PeriodicTask::getPeriod (5 bytes)
Event: 269.252 Thread 0x0000024a7381b180 nmethod 6292 0x0000024a244ebf88 code [0x0000024a244ec080, 0x0000024a244ec148]

GC Heap History (20 events):
Event: 2.425 GC heap before
{Heap before GC invocations=4 (full 0):
 garbage-first heap   total reserved 2021376K, committed 58368K, used 43987K [0x0000000084a00000, 0x0000000100000000)
  region size 1024K, 34 young (34816K), 6 survivors (6144K)
 Metaspace       used 24338K, committed 24640K, reserved 1114112K
  class space    used 2675K, committed 2816K, reserved 1048576K
}
Event: 2.432 GC heap after
{Heap after GC invocations=5 (full 0):
 garbage-first heap   total reserved 2021376K, committed 58368K, used 17215K [0x0000000084a00000, 0x0000000100000000)
  region size 1024K, 4 young (4096K), 4 survivors (4096K)
 Metaspace       used 24338K, committed 24640K, reserved 1114112K
  class space    used 2675K, committed 2816K, reserved 1048576K
}
Event: 2.830 GC heap before
{Heap before GC invocations=5 (full 0):
 garbage-first heap   total reserved 2021376K, committed 58368K, used 41791K [0x0000000084a00000, 0x0000000100000000)
  region size 1024K, 28 young (28672K), 4 survivors (4096K)
 Metaspace       used 27899K, committed 28352K, reserved 1114112K
  class space    used 3129K, committed 3328K, reserved 1048576K
}
Event: 2.836 GC heap after
{Heap after GC invocations=6 (full 0):
 garbage-first heap   total reserved 2021376K, committed 58368K, used 20109K [0x0000000084a00000, 0x0000000100000000)
  region size 1024K, 3 young (3072K), 3 survivors (3072K)
 Metaspace       used 27899K, committed 28352K, reserved 1114112K
  class space    used 3129K, committed 3328K, reserved 1048576K
}
Event: 3.230 GC heap before
{Heap before GC invocations=6 (full 0):
 garbage-first heap   total reserved 2021376K, committed 58368K, used 44685K [0x0000000084a00000, 0x0000000100000000)
  region size 1024K, 27 young (27648K), 3 survivors (3072K)
 Metaspace       used 31914K, committed 32384K, reserved 1114112K
  class space    used 3559K, committed 3776K, reserved 1048576K
}
Event: 3.234 GC heap after
{Heap after GC invocations=7 (full 0):
 garbage-first heap   total reserved 2021376K, committed 58368K, used 21589K [0x0000000084a00000, 0x0000000100000000)
  region size 1024K, 2 young (2048K), 2 survivors (2048K)
 Metaspace       used 31914K, committed 32384K, reserved 1114112K
  class space    used 3559K, committed 3776K, reserved 1048576K
}
Event: 3.509 GC heap before
{Heap before GC invocations=7 (full 0):
 garbage-first heap   total reserved 2021376K, committed 58368K, used 35925K [0x0000000084a00000, 0x0000000100000000)
  region size 1024K, 17 young (17408K), 2 survivors (2048K)
 Metaspace       used 35649K, committed 36096K, reserved 1114112K
  class space    used 4017K, committed 4224K, reserved 1048576K
}
Event: 3.512 GC heap after
{Heap after GC invocations=8 (full 0):
 garbage-first heap   total reserved 2021376K, committed 58368K, used 22303K [0x0000000084a00000, 0x0000000100000000)
  region size 1024K, 3 young (3072K), 3 survivors (3072K)
 Metaspace       used 35649K, committed 36096K, reserved 1114112K
  class space    used 4017K, committed 4224K, reserved 1048576K
}
Event: 4.013 GC heap before
{Heap before GC invocations=9 (full 0):
 garbage-first heap   total reserved 2021376K, committed 58368K, used 45855K [0x0000000084a00000, 0x0000000100000000)
  region size 1024K, 27 young (27648K), 3 survivors (3072K)
 Metaspace       used 42295K, committed 42688K, reserved 1114112K
  class space    used 4663K, committed 4800K, reserved 1048576K
}
Event: 4.021 GC heap after
{Heap after GC invocations=10 (full 0):
 garbage-first heap   total reserved 2021376K, committed 58368K, used 25011K [0x0000000084a00000, 0x0000000100000000)
  region size 1024K, 4 young (4096K), 4 survivors (4096K)
 Metaspace       used 42295K, committed 42688K, reserved 1114112K
  class space    used 4663K, committed 4800K, reserved 1048576K
}
Event: 4.466 GC heap before
{Heap before GC invocations=10 (full 0):
 garbage-first heap   total reserved 2021376K, committed 58368K, used 47539K [0x0000000084a00000, 0x0000000100000000)
  region size 1024K, 27 young (27648K), 4 survivors (4096K)
 Metaspace       used 49804K, committed 50240K, reserved 1114112K
  class space    used 5526K, committed 5696K, reserved 1048576K
}
Event: 4.470 GC heap after
{Heap after GC invocations=11 (full 0):
 garbage-first heap   total reserved 2021376K, committed 70656K, used 26175K [0x0000000084a00000, 0x0000000100000000)
  region size 1024K, 2 young (2048K), 2 survivors (2048K)
 Metaspace       used 49804K, committed 50240K, reserved 1114112K
  class space    used 5526K, committed 5696K, reserved 1048576K
}
Event: 4.916 GC heap before
{Heap before GC invocations=11 (full 0):
 garbage-first heap   total reserved 2021376K, committed 70656K, used 59967K [0x0000000084a00000, 0x0000000100000000)
  region size 1024K, 35 young (35840K), 2 survivors (2048K)
 Metaspace       used 56593K, committed 57152K, reserved 1114112K
  class space    used 6272K, committed 6528K, reserved 1048576K
}
Event: 4.920 GC heap after
{Heap after GC invocations=12 (full 0):
 garbage-first heap   total reserved 2021376K, committed 70656K, used 28302K [0x0000000084a00000, 0x0000000100000000)
  region size 1024K, 4 young (4096K), 4 survivors (4096K)
 Metaspace       used 56593K, committed 57152K, reserved 1114112K
  class space    used 6272K, committed 6528K, reserved 1048576K
}
Event: 9.771 GC heap before
{Heap before GC invocations=12 (full 0):
 garbage-first heap   total reserved 2021376K, committed 70656K, used 61070K [0x0000000084a00000, 0x0000000100000000)
  region size 1024K, 36 young (36864K), 4 survivors (4096K)
 Metaspace       used 60473K, committed 61056K, reserved 1114112K
  class space    used 6744K, committed 6976K, reserved 1048576K
}
Event: 9.779 GC heap after
{Heap after GC invocations=13 (full 0):
 garbage-first heap   total reserved 2021376K, committed 70656K, used 30947K [0x0000000084a00000, 0x0000000100000000)
  region size 1024K, 5 young (5120K), 5 survivors (5120K)
 Metaspace       used 60473K, committed 61056K, reserved 1114112K
  class space    used 6744K, committed 6976K, reserved 1048576K
}
Event: 9.780 GC heap before
{Heap before GC invocations=13 (full 0):
 garbage-first heap   total reserved 2021376K, committed 70656K, used 30947K [0x0000000084a00000, 0x0000000100000000)
  region size 1024K, 6 young (6144K), 5 survivors (5120K)
 Metaspace       used 60482K, committed 61056K, reserved 1114112K
  class space    used 6746K, committed 6976K, reserved 1048576K
}
Event: 9.785 GC heap after
{Heap after GC invocations=14 (full 0):
 garbage-first heap   total reserved 2021376K, committed 70656K, used 31906K [0x0000000084a00000, 0x0000000100000000)
  region size 1024K, 1 young (1024K), 1 survivors (1024K)
 Metaspace       used 60482K, committed 61056K, reserved 1114112K
  class space    used 6746K, committed 6976K, reserved 1048576K
}
Event: 269.215 GC heap before
{Heap before GC invocations=15 (full 0):
 garbage-first heap   total reserved 2021376K, committed 70656K, used 61602K [0x0000000084a00000, 0x0000000100000000)
  region size 1024K, 31 young (31744K), 1 survivors (1024K)
 Metaspace       used 65161K, committed 65856K, reserved 1114112K
  class space    used 7375K, committed 7680K, reserved 1048576K
}
Event: 269.218 GC heap after
{Heap after GC invocations=16 (full 0):
 garbage-first heap   total reserved 2021376K, committed 70656K, used 32944K [0x0000000084a00000, 0x0000000100000000)
  region size 1024K, 2 young (2048K), 2 survivors (2048K)
 Metaspace       used 65161K, committed 65856K, reserved 1114112K
  class space    used 7375K, committed 7680K, reserved 1048576K
}

Dll operation events (13 events):
Event: 0.009 Loaded shared library C:\Users\PARVIZ\Desktop\bin\java.dll
Event: 0.161 Loaded shared library C:\Users\PARVIZ\Desktop\bin\zip.dll
Event: 0.163 Loaded shared library C:\Users\PARVIZ\Desktop\bin\instrument.dll
Event: 0.167 Loaded shared library C:\Users\PARVIZ\Desktop\bin\net.dll
Event: 0.169 Loaded shared library C:\Users\PARVIZ\Desktop\bin\nio.dll
Event: 0.172 Loaded shared library C:\Users\PARVIZ\Desktop\bin\zip.dll
Event: 0.263 Loaded shared library C:\Users\PARVIZ\Desktop\bin\jimage.dll
Event: 0.267 Loaded shared library C:\Users\PARVIZ\Desktop\bin\extnet.dll
Event: 0.293 Loaded shared library C:\Users\PARVIZ\Desktop\bin\management.dll
Event: 0.305 Loaded shared library C:\Users\PARVIZ\Desktop\bin\management_ext.dll
Event: 1.692 Loaded shared library C:\Users\PARVIZ\Desktop\bin\sunmscapi.dll
Event: 3.377 Loaded shared library C:\Users\PARVIZ\Desktop\bin\verify.dll
Event: 269.109 Loaded shared library C:\Users\PARVIZ\AppData\Local\Temp\idea_libasyncProfiler_dll_temp_folder\libasyncProfiler.dll

Deoptimization events (4 events):
Event: 2.548 Thread 0x0000024a7205fb10 DEOPT PACKING pc=0x0000024a249408c4 sp=0x000000d0f7cfbf20
Event: 2.548 Thread 0x0000024a7205fb10 DEOPT UNPACKING pc=0x0000024a24306642 sp=0x000000d0f7cfb3e0 mode 0
Event: 9.836 Thread 0x0000024a72b4e7b0 DEOPT PACKING pc=0x0000024a24bc111c sp=0x000000d0f81febb0
Event: 9.836 Thread 0x0000024a72b4e7b0 DEOPT UNPACKING pc=0x0000024a24306642 sp=0x000000d0f81fe048 mode 0

Classes loaded (20 events):
Event: 269.231 Loading class jdk/jfr/internal/MetadataWriter
Event: 269.231 Loading class jdk/jfr/internal/MetadataWriter done
Event: 269.231 Loading class jdk/jfr/internal/MetadataDescriptor$Element
Event: 269.231 Loading class jdk/jfr/internal/MetadataDescriptor$Element done
Event: 269.231 Loading class jdk/jfr/internal/MetadataDescriptor$Attribute
Event: 269.231 Loading class jdk/jfr/internal/MetadataDescriptor$Attribute done
Event: 269.237 Loading class jdk/jfr/internal/consumer/StringParser$Encoding
Event: 269.237 Loading class jdk/jfr/internal/consumer/StringParser$Encoding done
Event: 269.244 Loading class jdk/jfr/internal/consumer/RepositoryFiles
Event: 269.244 Loading class jdk/jfr/internal/consumer/RepositoryFiles done
Event: 269.247 Loading class jdk/jfr/internal/SettingsManager$InternalSetting
Event: 269.247 Loading class jdk/jfr/internal/SettingsManager$InternalSetting done
Event: 269.248 Loading class jdk/jfr/internal/util/Rate
Event: 269.248 Loading class jdk/jfr/internal/util/Rate done
Event: 269.248 Loading class jdk/jfr/internal/util/TimespanUnit
Event: 269.248 Loading class jdk/jfr/internal/util/TimespanUnit done
Event: 269.248 Loading class jdk/jfr/internal/util/ValueParser
Event: 269.249 Loading class jdk/jfr/internal/util/ValueParser done
Event: 269.250 Loading class jdk/jfr/internal/periodic/PeriodicType
Event: 269.250 Loading class jdk/jfr/internal/periodic/PeriodicType done

Classes unloaded (0 events):
No events

Classes redefined (0 events):
No events

Internal exceptions (20 events):
Event: 5.287 Thread 0x0000024a7205fb10 Exception <a 'java/lang/NoSuchMethodError'{0x00000000873542f8}: 'java.lang.Object java.lang.invoke.DirectMethodHandle$Holder.newInvokeSpecial(java.lang.Object, java.lang.Object, int, java.lang.Object, java.lang.Object)'> (0x00000000873542f8) 
thrown [s\open\src\hotspot\share\interpreter\linkResolver.cpp, line 805]
Event: 5.689 Thread 0x0000024a72b4e7b0 Exception <a 'java/lang/NoSuchMethodError'{0x0000000086f4ae08}: 'java.lang.Object java.lang.invoke.DirectMethodHandle$Holder.invokeInterface(java.lang.Object, java.lang.Object, java.lang.Object, java.lang.Object, java.lang.Object, java.lang.Object, java.lang.Object)'> (0x0000000086f4ae08) 
thrown [s\open\src\hotspot\share\interpreter\linkResolver.cpp, line 805]
Event: 9.744 Thread 0x0000024a73790f60 Exception <a 'java/lang/NoSuchMethodError'{0x000000008717fac8}: 'java.lang.Object java.lang.invoke.DirectMethodHandle$Holder.invokeStatic(java.lang.Object, java.lang.Object, java.lang.Object, int, int)'> (0x000000008717fac8) 
thrown [s\open\src\hotspot\share\interpreter\linkResolver.cpp, line 805]
Event: 9.744 Thread 0x0000024a73790f60 Exception <a 'java/lang/NoSuchMethodError'{0x0000000086e2b310}: 'java.lang.Object java.lang.invoke.DirectMethodHandle$Holder.invokeStaticInit(java.lang.Object, java.lang.Object, java.lang.Object, int, int)'> (0x0000000086e2b310) 
thrown [s\open\src\hotspot\share\interpreter\linkResolver.cpp, line 805]
Event: 9.791 Thread 0x0000024a72b52230 Exception <a 'java/lang/NoSuchMethodError'{0x00000000fff286b8}: 'java.lang.Object java.lang.invoke.DirectMethodHandle$Holder.invokeSpecial(java.lang.Object, java.lang.Object, java.lang.Object, java.lang.Object, java.lang.Object, long)'> (0x00000000fff286b8) 
thrown [s\open\src\hotspot\share\interpreter\linkResolver.cpp, line 805]
Event: 9.792 Thread 0x0000024a72b52230 Exception <a 'java/lang/NoSuchMethodError'{0x00000000fff30fd8}: 'java.lang.Object java.lang.invoke.DirectMethodHandle$Holder.invokeSpecial(java.lang.Object, java.lang.Object, java.lang.Object, java.lang.Object, java.lang.Object, java.lang.Object, long)'> (0x00000000fff30fd8) 
thrown [s\open\src\hotspot\share\interpreter\linkResolver.cpp, line 805]
Event: 9.792 Thread 0x0000024a72b52230 Exception <a 'java/lang/NoSuchMethodError'{0x00000000fff39360}: 'java.lang.Object java.lang.invoke.DelegatingMethodHandle$Holder.reinvoke_L(java.lang.Object, java.lang.Object, java.lang.Object, java.lang.Object, java.lang.Object, long)'> (0x00000000fff39360) 
thrown [s\open\src\hotspot\share\interpreter\linkResolver.cpp, line 805]
Event: 9.792 Thread 0x0000024a72b52230 Exception <a 'java/lang/NoSuchMethodError'{0x00000000fff49760}: 'java.lang.Object java.lang.invoke.Invokers$Holder.linkToTargetMethod(java.lang.Object, java.lang.Object, java.lang.Object, long, java.lang.Object)'> (0x00000000fff49760) 
thrown [s\open\src\hotspot\share\interpreter\linkResolver.cpp, line 805]
Event: 9.916 Thread 0x0000024a72b504f0 Exception <a 'java/lang/NoSuchMethodError'{0x000000008b4fc9b0}: 'java.lang.Object java.lang.invoke.DirectMethodHandle$Holder.invokeInterface(java.lang.Object, java.lang.Object, java.lang.Object, java.lang.Object)'> (0x000000008b4fc9b0) 
thrown [s\open\src\hotspot\share\interpreter\linkResolver.cpp, line 805]
Event: 9.924 Thread 0x0000024a72b504f0 Exception <a 'java/lang/NoSuchMethodError'{0x000000008b393ad8}: 'void java.lang.invoke.DirectMethodHandle$Holder.invokeSpecialIFC(java.lang.Object, java.lang.Object, int, java.lang.Object, java.lang.Object, java.lang.Object, java.lang.Object)'> (0x000000008b393ad8) 
thrown [s\open\src\hotspot\share\interpreter\linkResolver.cpp, line 805]
Event: 10.079 Thread 0x0000024a72b504f0 Exception <a 'java/lang/NoSuchMethodError'{0x00000000884bfcf8}: 'void java.lang.invoke.DelegatingMethodHandle$Holder.reinvoke_L(java.lang.Object, java.lang.Object, double)'> (0x00000000884bfcf8) 
thrown [s\open\src\hotspot\share\interpreter\linkResolver.cpp, line 805]
Event: 10.079 Thread 0x0000024a72b504f0 Exception <a 'java/lang/NoSuchMethodError'{0x00000000884d0378}: 'double java.lang.invoke.Invokers$Holder.invokeExact_MT(java.lang.Object, java.lang.Object, java.lang.Object)'> (0x00000000884d0378) 
thrown [s\open\src\hotspot\share\interpreter\linkResolver.cpp, line 805]
Event: 16.599 Thread 0x0000024a72b53820 Exception <a 'java/lang/IncompatibleClassChangeError'{0x0000000088040520}: Found class java.lang.Object, but interface was expected> (0x0000000088040520) 
thrown [s\open\src\hotspot\share\interpreter\linkResolver.cpp, line 872]
Event: 16.631 Thread 0x0000024a72b53820 Exception <a 'java/lang/IncompatibleClassChangeError'{0x0000000087e154a0}: Found class java.lang.Object, but interface was expected> (0x0000000087e154a0) 
thrown [s\open\src\hotspot\share\interpreter\linkResolver.cpp, line 872]
Event: 269.162 Thread 0x0000024a2be4edc0 Exception <a 'java/lang/NoSuchMethodError'{0x00000000874ad540}: 'void java.lang.invoke.DirectMethodHandle$Holder.invokeStaticInit(java.lang.Object)'> (0x00000000874ad540) 
thrown [s\open\src\hotspot\share\interpreter\linkResolver.cpp, line 805]
Event: 269.221 Thread 0x0000024a2be4edc0 Exception <a 'java/lang/NoSuchMethodError'{0x00000000fff40a20}: 'void java.lang.invoke.DirectMethodHandle$Holder.invokeSpecial(java.lang.Object, java.lang.Object, int)'> (0x00000000fff40a20) 
thrown [s\open\src\hotspot\share\interpreter\linkResolver.cpp, line 805]
Event: 269.221 Thread 0x0000024a2be4edc0 Exception <a 'java/lang/NoSuchMethodError'{0x00000000fff48640}: 'void java.lang.invoke.Invokers$Holder.invokeExact_MT(java.lang.Object, int, java.lang.Object)'> (0x00000000fff48640) 
thrown [s\open\src\hotspot\share\interpreter\linkResolver.cpp, line 805]
Event: 269.225 Thread 0x0000024a2be4edc0 Exception <a 'sun/nio/fs/WindowsException'{0x00000000fffbbe48}> (0x00000000fffbbe48) 
thrown [s\open\src\hotspot\share\prims\jni.cpp, line 518]
Event: 269.227 Thread 0x0000024a2be4edc0 Exception <a 'sun/nio/fs/WindowsException'{0x00000000fffc8ce8}> (0x00000000fffc8ce8) 
thrown [s\open\src\hotspot\share\prims\jni.cpp, line 518]
Event: 269.228 Thread 0x0000024a2be4edc0 Exception <a 'sun/nio/fs/WindowsException'{0x00000000fffdaa40}> (0x00000000fffdaa40) 
thrown [s\open\src\hotspot\share\prims\jni.cpp, line 518]

VM Operations (20 events):
Event: 9.809 Executing VM operation: HandshakeAllThreads (Deoptimize)
Event: 9.809 Executing VM operation: HandshakeAllThreads (Deoptimize) done
Event: 9.820 Executing VM operation: CollectForMetadataAllocation (Metadata GC Threshold)
Event: 9.820 Executing VM operation: CollectForMetadataAllocation (Metadata GC Threshold) done
Event: 9.827 Executing VM operation: G1PauseRemark
Event: 9.830 Executing VM operation: G1PauseRemark done
Event: 9.850 Executing VM operation: G1PauseCleanup
Event: 9.850 Executing VM operation: G1PauseCleanup done
Event: 10.000 Executing VM operation: HandshakeAllThreads (Deoptimize)
Event: 10.001 Executing VM operation: HandshakeAllThreads (Deoptimize) done
Event: 10.025 Executing VM operation: HandshakeAllThreads (Deoptimize)
Event: 10.025 Executing VM operation: HandshakeAllThreads (Deoptimize) done
Event: 60.021 Executing VM operation: HandshakeAllThreads (HandshakeForDeflation)
Event: 60.021 Executing VM operation: HandshakeAllThreads (HandshakeForDeflation) done
Event: 60.021 Executing VM operation: RendezvousGCThreads
Event: 60.021 Executing VM operation: RendezvousGCThreads done
Event: 269.215 Executing VM operation: G1CollectForAllocation (G1 Evacuation Pause)
Event: 269.218 Executing VM operation: G1CollectForAllocation (G1 Evacuation Pause) done
Event: 269.244 Executing VM operation: JFRSafepointClear
Event: 269.244 Executing VM operation: JFRSafepointClear done

Memory protections (0 events):
No events

Nmethod flushes (20 events):
Event: 9.829 Thread 0x0000024a2be3b8e0 flushing  nmethod 0x0000024a24749608
Event: 9.829 Thread 0x0000024a2be3b8e0 flushing  nmethod 0x0000024a2488e888
Event: 9.829 Thread 0x0000024a2be3b8e0 flushing  nmethod 0x0000024a248dca08
Event: 9.829 Thread 0x0000024a2be3b8e0 flushing  nmethod 0x0000024a2493fc08
Event: 9.829 Thread 0x0000024a2be3b8e0 flushing  nmethod 0x0000024a24940588
Event: 9.829 Thread 0x0000024a2be3b8e0 flushing  nmethod 0x0000024a24941588
Event: 9.829 Thread 0x0000024a2be3b8e0 flushing  nmethod 0x0000024a247b1208
Event: 9.829 Thread 0x0000024a2be3b8e0 flushing  nmethod 0x0000024a248f5508
Event: 9.829 Thread 0x0000024a2be3b8e0 flushing  nmethod 0x0000024a2495cb88
Event: 9.829 Thread 0x0000024a2be3b8e0 flushing  nmethod 0x0000024a24998608
Event: 9.829 Thread 0x0000024a2be3b8e0 flushing  nmethod 0x0000024a24998a88
Event: 9.829 Thread 0x0000024a2be3b8e0 flushing  nmethod 0x0000024a24a05008
Event: 9.829 Thread 0x0000024a2be3b8e0 flushing  nmethod 0x0000024a24a05308
Event: 9.829 Thread 0x0000024a2be3b8e0 flushing osr nmethod 0x0000024a24576108
Event: 9.829 Thread 0x0000024a2be3b8e0 flushing  nmethod 0x0000024a245a2708
Event: 9.829 Thread 0x0000024a2be3b8e0 flushing  nmethod 0x0000024a24872d08
Event: 9.829 Thread 0x0000024a2be3b8e0 flushing  nmethod 0x0000024a24920788
Event: 9.829 Thread 0x0000024a2be3b8e0 flushing  nmethod 0x0000024a24995388
Event: 9.829 Thread 0x0000024a2be3b8e0 flushing  nmethod 0x0000024a249b8088
Event: 9.829 Thread 0x0000024a2be3b8e0 flushing  nmethod 0x0000024a24a68488

Events (20 events):
Event: 5.319 Thread 0x0000024a72015120 Thread exited: 0x0000024a72015120
Event: 5.319 Thread 0x0000024a1ba0cdb0 Thread exited: 0x0000024a1ba0cdb0
Event: 5.319 Thread 0x0000024a73792550 Thread added: 0x0000024a73792550
Event: 5.670 Thread 0x0000024a71ab3390 Thread added: 0x0000024a73790810
Event: 5.683 Thread 0x0000024a73790810 Thread exited: 0x0000024a73790810
Event: 5.683 Thread 0x0000024a72b4e7b0 Thread added: 0x0000024a737933f0
Event: 5.691 Thread 0x0000024a737933f0 Thread exited: 0x0000024a737933f0
Event: 5.693 Thread 0x0000024a72b4e7b0 Thread added: 0x0000024a737916b0
Event: 5.697 Thread 0x0000024a737916b0 Thread exited: 0x0000024a737916b0
Event: 7.302 Thread 0x0000024a711ce140 Thread exited: 0x0000024a711ce140
Event: 7.303 Thread 0x0000024a710a7100 Thread exited: 0x0000024a710a7100
Event: 9.161 Thread 0x0000024a72b4ef00 Thread exited: 0x0000024a72b4ef00
Event: 89.672 Thread 0x0000024a72b4e7b0 Thread exited: 0x0000024a72b4e7b0
Event: 117.382 Thread 0x0000024a2be50f50 Thread added: 0x0000024a719824a0
Event: 117.382 Thread 0x0000024a2be50f50 Thread added: 0x0000024a716b1b70
Event: 120.191 Thread 0x0000024a716b1b70 Thread exited: 0x0000024a716b1b70
Event: 122.974 Thread 0x0000024a719824a0 Thread exited: 0x0000024a719824a0
Event: 269.159 Thread 0x0000024a2be4edc0 Thread added: 0x0000024a737933f0
Event: 269.197 Thread 0x0000024a2be50f50 Thread added: 0x0000024a7381b180
Event: 269.223 Thread 0x0000024a2be4edc0 Thread added: 0x0000024a737900c0


Dynamic libraries:
0x00007ff69b1d0000 - 0x00007ff69b1e0000 	C:\Users\PARVIZ\Desktop\bin\java.exe
0x00007ffcaa990000 - 0x00007ffcaab88000 	C:\Windows\SYSTEM32\ntdll.dll
0x00007ffcaa410000 - 0x00007ffcaa4d2000 	C:\Windows\System32\KERNEL32.DLL
0x00007ffca84d0000 - 0x00007ffca87c6000 	C:\Windows\System32\KERNELBASE.dll
0x00007ffca8180000 - 0x00007ffca8280000 	C:\Windows\System32\ucrtbase.dll
0x00007ffca5160000 - 0x00007ffca5176000 	C:\Users\PARVIZ\Desktop\bin\jli.dll
0x00007ffc8f480000 - 0x00007ffc8f49b000 	C:\Users\PARVIZ\Desktop\bin\VCRUNTIME140.dll
0x00007ffca89e0000 - 0x00007ffca8b7d000 	C:\Windows\System32\USER32.dll
0x00007ffca8150000 - 0x00007ffca8172000 	C:\Windows\System32\win32u.dll
0x00007ffc90f60000 - 0x00007ffc911fa000 	C:\Windows\WinSxS\amd64_microsoft.windows.common-controls_6595b64144ccf1df_6.0.19041.4355_none_60b8b9eb71f62e16\COMCTL32.dll
0x00007ffca9980000 - 0x00007ffca99ab000 	C:\Windows\System32\GDI32.dll
0x00007ffca8280000 - 0x00007ffca839a000 	C:\Windows\System32\gdi32full.dll
0x00007ffca96e0000 - 0x00007ffca977e000 	C:\Windows\System32\msvcrt.dll
0x00007ffca8430000 - 0x00007ffca84cd000 	C:\Windows\System32\msvcp_win.dll
0x00007ffca8980000 - 0x00007ffca89af000 	C:\Windows\System32\IMM32.DLL
0x00007ffca5150000 - 0x00007ffca515c000 	C:\Users\PARVIZ\Desktop\bin\vcruntime140_1.dll
0x00007ffc58120000 - 0x00007ffc581ae000 	C:\Users\PARVIZ\Desktop\bin\msvcp140.dll
0x00007ffc4ca20000 - 0x00007ffc4d7c2000 	C:\Users\PARVIZ\Desktop\bin\server\jvm.dll
0x00007ffca9a60000 - 0x00007ffca9b0f000 	C:\Windows\System32\ADVAPI32.dll
0x00007ffcaa750000 - 0x00007ffcaa7ef000 	C:\Windows\System32\sechost.dll
0x00007ffca9790000 - 0x00007ffca98b3000 	C:\Windows\System32\RPCRT4.dll
0x00007ffca8070000 - 0x00007ffca8097000 	C:\Windows\System32\bcrypt.dll
0x00007ffcaa6e0000 - 0x00007ffcaa74b000 	C:\Windows\System32\WS2_32.dll
0x00007ffca7a70000 - 0x00007ffca7abb000 	C:\Windows\SYSTEM32\POWRPROF.dll
0x00007ffc98c60000 - 0x00007ffc98c87000 	C:\Windows\SYSTEM32\WINMM.dll
0x00007ffca51b0000 - 0x00007ffca51ba000 	C:\Windows\SYSTEM32\VERSION.dll
0x00007ffca7a50000 - 0x00007ffca7a62000 	C:\Windows\SYSTEM32\UMPDC.dll
0x00007ffca6810000 - 0x00007ffca6822000 	C:\Windows\SYSTEM32\kernel.appcore.dll
0x00007ffc970d0000 - 0x00007ffc970da000 	C:\Users\PARVIZ\Desktop\bin\jimage.dll
0x00007ffca5d30000 - 0x00007ffca5f14000 	C:\Windows\SYSTEM32\DBGHELP.DLL
0x00007ffc7b590000 - 0x00007ffc7b5c4000 	C:\Windows\SYSTEM32\dbgcore.DLL
0x00007ffca83a0000 - 0x00007ffca8422000 	C:\Windows\System32\bcryptPrimitives.dll
0x00007ffc908b0000 - 0x00007ffc908bf000 	C:\Users\PARVIZ\Desktop\bin\instrument.dll
0x00007ffc8de80000 - 0x00007ffc8de9e000 	C:\Users\PARVIZ\Desktop\bin\java.dll
0x00007ffcaa7f0000 - 0x00007ffcaa91b000 	C:\Windows\System32\ole32.dll
0x00007ffca8c10000 - 0x00007ffca8f65000 	C:\Windows\System32\combase.dll
0x00007ffca9b10000 - 0x00007ffcaa27f000 	C:\Windows\System32\SHELL32.dll
0x00007ffca6050000 - 0x00007ffca67f3000 	C:\Windows\SYSTEM32\windows.storage.dll
0x00007ffca79b0000 - 0x00007ffca79db000 	C:\Windows\SYSTEM32\Wldp.dll
0x00007ffcaa280000 - 0x00007ffcaa34d000 	C:\Windows\System32\OLEAUT32.dll
0x00007ffca99b0000 - 0x00007ffca9a5d000 	C:\Windows\System32\SHCORE.dll
0x00007ffcaa3b0000 - 0x00007ffcaa405000 	C:\Windows\System32\shlwapi.dll
0x00007ffca7f20000 - 0x00007ffca7f45000 	C:\Windows\SYSTEM32\profapi.dll
0x00007ffc8c3a0000 - 0x00007ffc8c3b7000 	C:\Users\PARVIZ\Desktop\bin\zip.dll
0x00007ffc905f0000 - 0x00007ffc90600000 	C:\Users\PARVIZ\Desktop\bin\net.dll
0x00007ffca76b0000 - 0x00007ffca771c000 	C:\Windows\system32\mswsock.dll
0x00007ffc8c370000 - 0x00007ffc8c386000 	C:\Users\PARVIZ\Desktop\bin\nio.dll
0x00007ffc8f440000 - 0x00007ffc8f449000 	C:\Users\PARVIZ\Desktop\bin\extnet.dll
0x00007ffca73d0000 - 0x00007ffca749a000 	C:\Windows\SYSTEM32\DNSAPI.dll
0x00007ffca7390000 - 0x00007ffca73cb000 	C:\Windows\SYSTEM32\IPHLPAPI.DLL
0x00007ffca96d0000 - 0x00007ffca96d8000 	C:\Windows\System32\NSI.dll
0x0000000059400000 - 0x0000000059435000 	C:\Program Files\Bonjour\mdnsNSP.dll
0x00007ffca0120000 - 0x00007ffca012a000 	C:\Windows\System32\rasadhlp.dll
0x00007ffc9b240000 - 0x00007ffc9b2c0000 	C:\Windows\System32\fwpuclnt.dll
0x00007ffc8de70000 - 0x00007ffc8de7a000 	C:\Users\PARVIZ\Desktop\bin\management.dll
0x00007ffc8c360000 - 0x00007ffc8c36b000 	C:\Users\PARVIZ\Desktop\bin\management_ext.dll
0x00007ffca89b0000 - 0x00007ffca89b8000 	C:\Windows\System32\PSAPI.DLL
0x00007ffca7900000 - 0x00007ffca7918000 	C:\Windows\SYSTEM32\CRYPTSP.dll
0x00007ffca6fd0000 - 0x00007ffca7008000 	C:\Windows\system32\rsaenh.dll
0x00007ffca7ee0000 - 0x00007ffca7f0e000 	C:\Windows\SYSTEM32\USERENV.dll
0x00007ffca7920000 - 0x00007ffca792c000 	C:\Windows\SYSTEM32\CRYPTBASE.dll
0x00007ffca4e30000 - 0x00007ffca4e47000 	C:\Windows\system32\napinsp.dll
0x00007ffca2010000 - 0x00007ffca202b000 	C:\Windows\system32\pnrpnsp.dll
0x00007ffca3cf0000 - 0x00007ffca3d05000 	C:\Windows\system32\wshbth.dll
0x00007ffca3ff0000 - 0x00007ffca400d000 	C:\Windows\system32\NLAapi.dll
0x00007ffca1ff0000 - 0x00007ffca2002000 	C:\Windows\System32\winrnr.dll
0x00007ffc8c310000 - 0x00007ffc8c31e000 	C:\Users\PARVIZ\Desktop\bin\sunmscapi.dll
0x00007ffca87d0000 - 0x00007ffca892d000 	C:\Windows\System32\CRYPT32.dll
0x00007ffca7a20000 - 0x00007ffca7a47000 	C:\Windows\SYSTEM32\ncrypt.dll
0x00007ffca79e0000 - 0x00007ffca7a1b000 	C:\Windows\SYSTEM32\NTASN1.dll
0x00007ffc8c300000 - 0x00007ffc8c310000 	C:\Users\PARVIZ\Desktop\bin\verify.dll
0x00007ffca3050000 - 0x00007ffca3057000 	C:\Windows\system32\wshunix.dll
0x00007ffc54de0000 - 0x00007ffc54fd8000 	C:\Users\PARVIZ\AppData\Local\Temp\idea_libasyncProfiler_dll_temp_folder\libasyncProfiler.dll

dbghelp: loaded successfully - version: 4.0.5 - missing functions: none
symbol engine: initialized successfully - sym options: 0x614 - pdb path: .;C:\Users\PARVIZ\Desktop\bin;C:\Windows\SYSTEM32;C:\Windows\WinSxS\amd64_microsoft.windows.common-controls_6595b64144ccf1df_6.0.19041.4355_none_60b8b9eb71f62e16;C:\Users\PARVIZ\Desktop\bin\server;C:\Program Files\Bonjour;C:\Users\PARVIZ\AppData\Local\Temp\idea_libasyncProfiler_dll_temp_folder

VM Arguments:
jvm_args: -XX:TieredStopAtLevel=1 -Dspring.output.ansi.enabled=always -Dcom.sun.management.jmxremote -Dspring.jmx.enabled=true -Dspring.liveBeansView.mbeanDomain -Dspring.application.admin.enabled=true -Dmanagement.endpoints.jmx.exposure.include=* -javaagent:C:\Program Files\JetBrains\IntelliJ IDEA 2025.1.1\lib\idea_rt.jar=63690 -Dfile.encoding=UTF-8 -Dsun.stdout.encoding=UTF-8 -Dsun.stderr.encoding=UTF-8 
java_command: com.example.demo.DemoApplication
java_class_path (initial): C:\Users\PARVIZ\Desktop\demo\target\classes;C:\Users\PARVIZ\.m2\repository\org\springframework\boot\spring-boot-starter-data-jpa\3.4.5\spring-boot-starter-data-jpa-3.4.5.jar;C:\Users\PARVIZ\.m2\repository\org\springframework\boot\spring-boot-starter\3.4.5\spring-boot-starter-3.4.5.jar;C:\Users\PARVIZ\.m2\repository\org\springframework\boot\spring-boot-starter-logging\3.4.5\spring-boot-starter-logging-3.4.5.jar;C:\Users\PARVIZ\.m2\repository\ch\qos\logback\logback-classic\1.5.18\logback-classic-1.5.18.jar;C:\Users\PARVIZ\.m2\repository\ch\qos\logback\logback-core\1.5.18\logback-core-1.5.18.jar;C:\Users\PARVIZ\.m2\repository\org\apache\logging\log4j\log4j-to-slf4j\2.24.3\log4j-to-slf4j-2.24.3.jar;C:\Users\PARVIZ\.m2\repository\org\apache\logging\log4j\log4j-api\2.24.3\log4j-api-2.24.3.jar;C:\Users\PARVIZ\.m2\repository\org\slf4j\jul-to-slf4j\2.0.17\jul-to-slf4j-2.0.17.jar;C:\Users\PARVIZ\.m2\repository\jakarta\annotation\jakarta.annotation-api\2.1.1\jakarta.annotation-api-2.1.1.jar;C:\Users\PARVIZ\.m2\repository\org\yaml\snakeyaml\2.3\snakeyaml-2.3.jar;C:\Users\PARVIZ\.m2\repository\org\springframework\boot\spring-boot-starter-jdbc\3.4.5\spring-boot-starter-jdbc-3.4.5.jar;C:\Users\PARVIZ\.m2\repository\com\zaxxer\HikariCP\5.1.0\HikariCP-5.1.0.jar;C:\Users\PARVIZ\.m2\repository\org\springframework\spring-jdbc\6.2.6\spring-jdbc-6.2.6.jar;C:\Users\PARVIZ\.m2\repository\org\hibernate\orm\hibernate-core\6.6.13.Final\hibernate-core-6.6.13.Final.jar;C:\Users\PARVIZ\.m2\repository\jakarta\persistence\jakarta.persistence-api\3.1.0\jakarta.persistence-api-3.1.0.jar;C:\Users\PARVIZ\.m2\repository\jakarta\transaction\jakarta.transaction-api\2.0.1\jakarta.transaction-api-2.0.1.jar;C:\Users\PARVIZ\.m2\repository\org\jboss\logging\jboss-logging\3.6.1.Final\jboss-logging-3.6.1.Final.jar;C:\Users\PARVIZ\.m2\repository\org\hibernate\common\hibernate-commons-annotations\7.0.3.Final\hibernate-commons-annotations-7.0.3.Final.jar;C:\Users\PARVIZ\.m2\repository\io\smallrye\jandex\3.2.0\jandex-3.2.0.jar;C:\Users\PARVIZ\.m2\repository\com\fasterxml\classmate\1.7.0\classmate-1.7.0.jar;C:\Users\PARVIZ\.m2\repository\net\bytebuddy\byte-buddy\1.15.11\byte-buddy-1.15.11.jar;C:\Users\PARVIZ\.m2\repository\org\glassfish\jaxb\jaxb-runtime\4.0.5\jaxb-runtime-4.0.5.jar;C:\Users\PARVIZ\.m2\repository\org\glassfish\jaxb\jaxb-core\4.0.5\jaxb-core-4.0.5.jar;C:\Users\PARVIZ\.m2\repository\org\eclipse\angus\angus-activation\2.0.2\angus-activation-2.0.2.jar;C:\Users\PARVIZ\.m2\repository\org\glassfish\jaxb\txw2\4.0.5\txw2-4.0.5.jar;C:\Users\PARVIZ\.m2\repository\com\sun\istack\istack-commons-runtime\4.1.2\istack-commons-runtime-4.1.2.jar;C:\Users\PARVIZ\.m2\repository\jakarta\inject\jakarta.inject-api\2.0.1\jakarta.inject-api-2.0.1.jar;C:\Users\PARVIZ\.m2\repository\org\antlr\antlr4-runtime\4.13.0\antlr4-runtime-4.13.0.jar;C:\Users\PARVIZ\.m2\repository\org\springframework\data\spring-data-jpa\3.4.5\spring-data-jpa-3.4.5.jar;C:\Users\PARVIZ\.m2\repository\org\springframework\data\spring-data-commons\3.4.5\spring-data-commons-3.4.5.jar;C:\Users\PARVIZ\.m2\repository\org\springframework\spring-orm\6.2.6\spring-orm-6.2.6.jar;C:\Users\PARVIZ\.m2\repository\org\springframework\spring-context\6.2.6\spring-context-6.2.6.jar;C:\Users\PARVIZ\.m2\repository\org\springframework\spring-aop\6.2.6\spring-aop-6.2.6.jar;C:\Users\PARVIZ\.m2\repository\org\springframework\spring-tx\6.2.6\spring-tx-6.2.6.jar;C:\Users\PARVIZ\.m2\repository\org\springframework\spring-beans\6.2.6\spring-beans-6.2.6.jar;C:\Users\PARVIZ\.m2\repository\org\slf4j\slf4j-api\2.0.17\slf4j-api-2.0.17.jar;C:\Users\PARVIZ\.m2\repository\org\springframework\spring-aspects\6.2.6\spring-aspects-6.2.6.jar;C:\Users\PARVIZ\.m2\repository\org\aspectj\aspectjweaver\1.9.24\aspectjweaver-1.9.24.jar;C:\Users\PARVIZ\.m2\repository\org\springframework\boot\spring-boot-starter-web\3.4.5\spring-boot-starter-web-3.4.5.jar;C:\Users\PARVIZ\.m2\repository\org\springframework\boot\spring-boot-starter-json\3.4.5\spring-boot-starter-json-3.4.5.jar;C:\Users\PARVIZ\.m2\repository\com\fasterxml\jackson\core\jackson-databind\2.18.3\jackson-databind-2.18.3.jar;C:\Users\PARVIZ\.m2\repository\com\fasterxml\jackson\core\jackson-annotations\2.18.3\jackson-annotations-2.18.3.jar;C:\Users\PARVIZ\.m2\repository\com\fasterxml\jackson\core\jackson-core\2.18.3\jackson-core-2.18.3.jar;C:\Users\PARVIZ\.m2\repository\com\fasterxml\jackson\datatype\jackson-datatype-jdk8\2.18.3\jackson-datatype-jdk8-2.18.3.jar;C:\Users\PARVIZ\.m2\repository\com\fasterxml\jackson\datatype\jackson-datatype-jsr310\2.18.3\jackson-datatype-jsr310-2.18.3.jar;C:\Users\PARVIZ\.m2\repository\com\fasterxml\jackson\module\jackson-module-parameter-names\2.18.3\jackson-module-parameter-names-2.18.3.jar;C:\Users\PARVIZ\.m2\repository\org\springframework\boot\spring-boot-starter-tomcat\3.4.5\spring-boot-starter-tomcat-3.4.5.jar;C:\Users\PARVIZ\.m2\repository\org\apache\tomcat\embed\tomcat-embed-core\10.1.40\tomcat-embed-core-10.1.40.jar;C:\Users\PARVIZ\.m2\repository\org\apache\tomcat\embed\tomcat-embed-el\10.1.40\tomcat-embed-el-10.1.40.jar;C:\Users\PARVIZ\.m2\repository\org\apache\tomcat\embed\tomcat-embed-websocket\10.1.40\tomcat-embed-websocket-10.1.40.jar;C:\Users\PARVIZ\.m2\repository\org\springframework\spring-web\6.2.6\spring-web-6.2.6.jar;C:\Users\PARVIZ\.m2\repository\io\micrometer\micrometer-observation\1.14.6\micrometer-observation-1.14.6.jar;C:\Users\PARVIZ\.m2\repository\io\micrometer\micrometer-commons\1.14.6\micrometer-commons-1.14.6.jar;C:\Users\PARVIZ\.m2\repository\org\springframework\spring-webmvc\6.2.6\spring-webmvc-6.2.6.jar;C:\Users\PARVIZ\.m2\repository\org\springframework\spring-expression\6.2.6\spring-expression-6.2.6.jar;C:\Users\PARVIZ\.m2\repository\com\mysql\mysql-connector-j\9.1.0\mysql-connector-j-9.1.0.jar;C:\Users\PARVIZ\.m2\repository\org\projectlombok\lombok\1.18.38\lombok-1.18.38.jar;C:\Users\PARVIZ\.m2\repository\jakarta\xml\bind\jakarta.xml.bind-api\4.0.2\jakarta.xml.bind-api-4.0.2.jar;C:\Users\PARVIZ\.m2\repository\jakarta\activation\jakarta.activation-api\2.1.3\jakarta.activation-api-2.1.3.jar;C:\Users\PARVIZ\.m2\repository\org\springframework\spring-core\6.2.6\spring-core-6.2.6.jar;C:\Users\PARVIZ\.m2\repository\org\springframework\spring-jcl\6.2.6\spring-jcl-6.2.6.jar;C:\Users\PARVIZ\.m2\repository\org\springframework\boot\spring-boot-starter-thymeleaf\3.4.5\spring-boot-starter-thymeleaf-3.4.5.jar;C:\Users\PARVIZ\.m2\repository\org\thymeleaf\thymeleaf-spring6\3.1.3.RELEASE\thymeleaf-spring6-3.1.3.RELEASE.jar;C:\Users\PARVIZ\.m2\repository\org\thymeleaf\thymeleaf\3.1.3.RELEASE\thymeleaf-3.1.3.RELEASE.jar;C:\Users\PARVIZ\.m2\repository\org\attoparser\attoparser\2.0.7.RELEASE\attoparser-2.0.7.RELEASE.jar;C:\Users\PARVIZ\.m2\repository\org\unbescape\unbescape\1.1.6.RELEASE\unbescape-1.1.6.RELEASE.jar;C:\Users\PARVIZ\.m2\repository\org\springframework\boot\spring-boot-devtools\3.4.5\spring-boot-devtools-3.4.5.jar;C:\Users\PARVIZ\.m2\repository\org\springframework\boot\spring-boot\3.4.5\spring-boot-3.4.5.jar;C:\Users\PARVIZ\.m2\repository\org\springframework\boot\spring-boot-autoconfigure\3.4.5\spring-boot-autoconfigure-3.4.5.jar
Launcher Type: SUN_STANDARD

[Global flags]
     intx CICompilerCount                          = 3                                         {product} {ergonomic}
     uint ConcGCThreads                            = 1                                         {product} {ergonomic}
     bool FlightRecorder                           = true                                      {product} {management}
     uint G1ConcRefinementThreads                  = 4                                         {product} {ergonomic}
   size_t G1HeapRegionSize                         = 1048576                                   {product} {ergonomic}
   size_t InitialHeapSize                          = 130023424                                 {product} {ergonomic}
     bool ManagementServer                         = true                                      {product} {command line}
   size_t MarkStackSize                            = 4194304                                   {product} {ergonomic}
   size_t MarkStackSizeMax                         = 536870912                                 {product} {ergonomic}
   size_t MaxHeapSize                              = 2069889024                                {product} {ergonomic}
   size_t MaxNewSize                               = 1241513984                                {product} {ergonomic}
   size_t MinHeapDeltaBytes                        = 1048576                                   {product} {ergonomic}
   size_t MinHeapSize                              = 8388608                                   {product} {ergonomic}
    uintx NonNMethodCodeHeapSize                   = 4096                                   {pd product} {ergonomic}
    uintx NonProfiledCodeHeapSize                  = 0                                      {pd product} {ergonomic}
     bool ProfileInterpreter                       = false                                  {pd product} {command line}
    uintx ProfiledCodeHeapSize                     = 0                                      {pd product} {ergonomic}
   size_t SoftMaxHeapSize                          = 2069889024                             {manageable} {ergonomic}
     intx TieredStopAtLevel                        = 1                                         {product} {command line}
     bool UseCompressedOops                        = true                           {product lp64_product} {ergonomic}
     bool UseG1GC                                  = true                                      {product} {ergonomic}
     bool UseLargePagesIndividualAllocation        = false                                  {pd product} {ergonomic}

Logging:
Log output configuration:
 #0: stdout all=warning uptime,level,tags foldmultilines=false
 #1: stderr all=off uptime,level,tags foldmultilines=false

Environment Variables:
PATH=C:\Program Files\Common Files\Oracle\Java\javapath;C:\Windows\system32;C:\Windows;C:\Windows\System32\Wbem;C:\Windows\System32\WindowsPowerShell\v1.0\;C:\Windows\System32\OpenSSH\;C:\Program Files\Git\cmd;C:\Program Files (x86)\Windows Kits\10\Windows Performance Toolkit\;C:\Users\PARVIZ\AppData\Local\Programs\Python\Python312\Scripts\;C:\Users\PARVIZ\AppData\Local\Programs\Python\Python312\;C:\Users\PARVIZ\AppData\Local\Microsoft\WindowsApps;C:\Users\PARVIZ\AppData\Local\GitHubDesktop\bin;D:\Program Files (x86)\Brackets\;C:\Users\PARVIZ\AppData\Local\Programs\Microsoft VS Code\bin;C:\Users\PARVIZ\Downloads\apache-maven-3.9.9-bin\apache-maven-3.9.9\bin;;C:\Program Files\JetBrains\IntelliJ IDEA 2025.1.1\bin;
USERNAME=PARVIZ
OS=Windows_NT
PROCESSOR_IDENTIFIER=Intel64 Family 6 Model 140 Stepping 2, GenuineIntel
TMP=C:\Users\PARVIZ\AppData\Local\Temp
TEMP=C:\Users\PARVIZ\AppData\Local\Temp




Periodic native trim disabled

---------------  S Y S T E M  ---------------

OS:
 Windows 10 , 64 bit Build 19041 (10.0.19041.5678)
OS uptime: 5 days 18:13 hours

CPU: total 4 (initial active 4) (2 cores per cpu, 2 threads per core) family 6 model 140 stepping 2 microcode 0x22, cx8, cmov, fxsr, ht, mmx, 3dnowpref, sse, sse2, sse3, ssse3, sse4.1, sse4.2, popcnt, lzcnt, tsc, tscinvbit, avx, avx2, aes, erms, clmul, bmi1, bmi2, adx, avx512f, avx512dq, avx512cd, avx512bw, avx512vl, sha, fma, vzeroupper, avx512_vpopcntdq, avx512_vpclmulqdq, avx512_vaes, avx512_vnni, clflush, clflushopt, clwb, avx512_vbmi2, avx512_vbmi, rdtscp, rdpid, fsrm, gfni, avx512_bitalg, f16c, pku, cet_ibt, cet_ss, avx512_ifma
Processor Information for the first 4 processors :
  Max Mhz: 2995, Current Mhz: 2995, Mhz Limit: 2995

Memory: 4k page, system-wide physical 7894M (574M free)
TotalPageFile size 11749M (AvailPageFile size 2037M)
current process WorkingSet (physical memory assigned to process): 222M, peak: 223M
current process commit charge ("private bytes"): 277M, peak: 277M

vm_info: Java HotSpot(TM) 64-Bit Server VM (24+36-3646) for windows-amd64 JRE (24+36-3646), built on 2025-02-06T00:20:43Z with MS VC++ 17.6 (VS2022)

END.
